Unable to capture context for thread 5688 in process 4212, can not generate back trace
Unable to capture context for thread 19424 in process 4212, can not generate back trace
Unable to capture context for thread 6488 in process 4212, can not generate back trace
Unable to capture context for thread 1432 in process 4212, can not generate back trace
Unable to capture context for thread 8868 in process 4212, can not generate back trace
Exception at PC 0x00007FFD3D8EBB93
Printing stacktrace...

[0]  [0x00007FFD3D8EBB93]
[1]  [0x00007FFD3D8EBB93]
[2]  [0x00007FFD3D8EB4A1]
[3]  [0x00007FFD3D8EB3EF]
[4]  [0x00007FFD3D8D19FE]
[5]  [0x00007FFD3D8D0ED1]
[6]  [0x00007FFD3D8D0D76]
[7]  [0x00007FFD3D8779F6]
[8]  [0x00007FFD3D867AFB]
[9]  [0x00007FFD3D98E90A]
[10]  [0x00007FFD3D9A9F87]
[11]  [0x00007FFD3D9AA05F]
[12] (BaseThreadInitThunk+0x14) [0x00007FFDCC5E3034]
[13] (RtlUserThreadStart+0x21) [0x00007FFDCD2D1471]
Done
Exception at PC 0x00007FFD3D5F1A52
Attemped to write at address 0x00007FFD8D6EABA4
Printing stacktrace...

[0]  [0x00007FFD3D5F1A52]
[1]  [0x00007FFD3D5F1A52]
[2]  [0x00007FFD3D5F1AD4]
[3]  [0x00007FFD3D733FF7]
[4]  [0x00007FFD3D619128]
[5]  [0x00007FFD3D8CDFB9]
[6]  [0x00007FFD3DA9EF23]
[7]  [0x00007FFD3D9AB06B]
[8]  [0x00007FFD3D9A08AF]
[9]  [0x00007FFD3D9A0A32]
[10] (RtlActivateActivationContextUnsafeFast+0x123) [0x00007FFDCD294063]
[11] (LdrShutdownProcess+0x125) [0x00007FFDCD2A0A15]
[12] (RtlExitUserProcess+0xd8) [0x00007FFDCD2A08D8]
[13] (FatalExit+0xa) [0x00007FFDCC5EB19A]
[14] (exit+0x75) [0x00007FFDCCC99CE5]
[15] (initterm_e+0x235) [0x00007FFDCCC9A345]
[16]  [0x00000000004014CD]
[17]  [0x000000000040151B]
[18] (BaseThreadInitThunk+0x14) [0x00007FFDCC5E3034]
[19] (RtlUserThreadStart+0x21) [0x00007FFDCD2D1471]
Done
