Unable to capture context for thread 12064 in process 7436, can not generate back trace
Unable to capture context for thread 2028 in process 7436, can not generate back trace
Unable to capture context for thread 8900 in process 7436, can not generate back trace
Exception at PC 0x00007FFD9416BB93
Printing stacktrace...

[0]  [0x00007FFD9416BB93]
[1]  [0x00007FFD9416BB93]
[2]  [0x00007FFD9416B4A1]
[3]  [0x00007FFD9416B3EF]
[4]  [0x00007FFD941519FE]
[5]  [0x00007FFD94150ED1]
[6]  [0x00007FFD94150D76]
[7]  [0x00007FFD940F79F6]
[8]  [0x00007FFD940E7AFB]
[9]  [0x00007FFD9420E90A]
[10]  [0x00007FFD94229F87]
[11]  [0x00007FFD9422A05F]
[12] (BaseThreadInitThunk+0x14) [0x00007FFDCC5E3034]
[13] (RtlUserThreadStart+0x21) [0x00007FFDCD2D1471]
Done
Exception at PC 0x00007FFD93E71A52
Attemped to write at address 0x00007FFD89CAABA4
Printing stacktrace...

[0]  [0x00007FFD93E71A52]
[1]  [0x00007FFD93E71A52]
[2]  [0x00007FFD93E71AD4]
[3]  [0x00007FFD93FB3FF7]
[4]  [0x00007FFD93E99128]
[5]  [0x00007FFD9414DFB9]
[6]  [0x00007FFD9431EF23]
[7]  [0x00007FFD9422B06B]
[8]  [0x00007FFD942208AF]
[9]  [0x00007FFD94220A32]
[10] (RtlActivateActivationContextUnsafeFast+0x123) [0x00007FFDCD294063]
[11] (LdrShutdownProcess+0x125) [0x00007FFDCD2A0A15]
[12] (RtlExitUserProcess+0xd8) [0x00007FFDCD2A08D8]
[13] (FatalExit+0xa) [0x00007FFDCC5EB19A]
[14] (exit+0x75) [0x00007FFDCCC99CE5]
[15] (initterm_e+0x235) [0x00007FFDCCC9A345]
[16]  [0x00000000004014CD]
[17]  [0x000000000040151B]
[18] (BaseThreadInitThunk+0x14) [0x00007FFDCC5E3034]
[19] (RtlUserThreadStart+0x21) [0x00007FFDCD2D1471]
Done
