#-----------------------------------------------------------
# Vivado v2018.2 (64-bit)
# SW Build 2258646 on Thu Jun 14 20:03:12 MDT 2018
# IP Build 2256618 on Thu Jun 14 22:10:49 MDT 2018
# Start of session at: Sun Dec  2 18:07:18 2018
# Process ID: 38168
# Current directory: D:/Fall 2018/CS151/CS151-Verilog-Project/modules/SHIFT
# Command line: vivado.exe -gui_launcher_event rodinguilauncherevent37120 D:\Fall 2018\CS151\CS151-Verilog-Project\modules\SHIFT\SHIFT.xpr
# Log file: D:/Fall 2018/CS151/CS151-Verilog-Project/modules/SHIFT/vivado.log
# Journal file: D:/Fall 2018/CS151/CS151-Verilog-Project/modules/SHIFT\vivado.jou
#-----------------------------------------------------------
start_gui
open_project {D:/Fall 2018/CS151/CS151-Verilog-Project/modules/SHIFT/SHIFT.xpr}
INFO: [Project 1-313] Project file moved from 'C:/Users/Sirge/SHIFT' since last save.
Scanning sources...
Finished scanning sources
INFO: [Project 1-230] Project 'SHIFT.xpr' upgraded for this version of Vivado.
INFO: [IP_Flow 19-234] Refreshing IP repositories
INFO: [IP_Flow 19-1704] No user IP repositories specified
INFO: [IP_Flow 19-2313] Loaded Vivado IP repository 'C:/Xilinx/Vivado/2018.2/data/ip'.
update_compile_order -fileset sources_1
launch_simulation
INFO: [Vivado 12-5682] Launching behavioral simulation in 'D:/Fall 2018/CS151/CS151-Verilog-Project/modules/SHIFT/SHIFT.sim/sim_1/behav/xsim'
INFO: [SIM-utils-51] Simulation object is 'sim_1'
INFO: [SIM-utils-54] Inspecting design source files for 'CS151_SHIFT_tb' in fileset 'sim_1'...
INFO: [USF-XSim-97] Finding global include files...
INFO: [USF-XSim-98] Fetching design files from 'sim_1'...
INFO: [USF-XSim-2] XSim::Compile design
INFO: [USF-XSim-61] Executing 'COMPILE and ANALYZE' step in 'D:/Fall 2018/CS151/CS151-Verilog-Project/modules/SHIFT/SHIFT.sim/sim_1/behav/xsim'
"xvlog --incr --relax -prj CS151_SHIFT_tb_vlog.prj"
INFO: [VRFC 10-2263] Analyzing Verilog file "D:/Fall 2018/CS151/CS151-Verilog-Project/modules/SHIFT/SHIFT.srcs/sources_1/new/CS151_SHIFT.v" into library xil_defaultlib
INFO: [VRFC 10-311] analyzing module CS151_SHIFT
INFO: [VRFC 10-2263] Analyzing Verilog file "D:/Fall 2018/CS151/CS151-Verilog-Project/modules/SHIFT/SHIFT.srcs/sim_1/new/CS151_SHIFT_tb.v" into library xil_defaultlib
INFO: [VRFC 10-311] analyzing module CS151_SHIFT_tb
INFO: [VRFC 10-2263] Analyzing Verilog file "D:/Fall 2018/CS151/CS151-Verilog-Project/modules/SHIFT/SHIFT.sim/sim_1/behav/xsim/glbl.v" into library xil_defaultlib
INFO: [VRFC 10-311] analyzing module glbl
INFO: [USF-XSim-69] 'compile' step finished in '2' seconds
INFO: [USF-XSim-3] XSim::Elaborate design
INFO: [USF-XSim-61] Executing 'ELABORATE' step in 'D:/Fall 2018/CS151/CS151-Verilog-Project/modules/SHIFT/SHIFT.sim/sim_1/behav/xsim'
Vivado Simulator 2018.2
Copyright 1986-1999, 2001-2018 Xilinx, Inc. All Rights Reserved.
Running: C:/Xilinx/Vivado/2018.2/bin/unwrapped/win64.o/xelab.exe -wto 5fc463e5103d4073a90ab918a7555ab1 --incr --debug typical --relax --mt 2 -L xil_defaultlib -L unisims_ver -L unimacro_ver -L secureip --snapshot CS151_SHIFT_tb_behav xil_defaultlib.CS151_SHIFT_tb xil_defaultlib.glbl -log elaborate.log 
Using 2 slave threads.
Starting static elaboration
Completed static elaboration
Starting simulation data flow analysis
Completed simulation data flow analysis
Time Resolution for simulation is 1ps
Compiling module xil_defaultlib.CS151_SHIFT
Compiling module xil_defaultlib.CS151_SHIFT_tb
Compiling module xil_defaultlib.glbl
Built simulation snapshot CS151_SHIFT_tb_behav

****** Webtalk v2018.2 (64-bit)
  **** SW Build 2258646 on Thu Jun 14 20:03:12 MDT 2018
  **** IP Build 2256618 on Thu Jun 14 22:10:49 MDT 2018
    ** Copyright 1986-2018 Xilinx, Inc. All Rights Reserved.

source D:/Fall -notrace
couldn't read file "D:/Fall": permission denied
INFO: [Common 17-206] Exiting Webtalk at Sun Dec  2 18:08:00 2018...
run_program: Time (s): cpu = 00:00:00 ; elapsed = 00:00:06 . Memory (MB): peak = 823.652 ; gain = 0.000
INFO: [USF-XSim-69] 'elaborate' step finished in '5' seconds
INFO: [USF-XSim-4] XSim::Simulate design
INFO: [USF-XSim-61] Executing 'SIMULATE' step in 'D:/Fall 2018/CS151/CS151-Verilog-Project/modules/SHIFT/SHIFT.sim/sim_1/behav/xsim'
INFO: [USF-XSim-98] *** Running xsim
   with args "CS151_SHIFT_tb_behav -key {Behavioral:sim_1:Functional:CS151_SHIFT_tb} -tclbatch {CS151_SHIFT_tb.tcl} -log {simulate.log}"
INFO: [USF-XSim-8] Loading simulator feature
Vivado Simulator 2018.2
Time resolution is 1 ps
source CS151_SHIFT_tb.tcl
# set curr_wave [current_wave_config]
# if { [string length $curr_wave] == 0 } {
#   if { [llength [get_objects]] > 0} {
#     add_wave /
#     set_property needs_save false [current_wave_config]
#   } else {
#      send_msg_id Add_Wave-1 WARNING "No top level signals found. Simulator will start without a wave window. If you want to open a wave window go to 'File->New Waveform Configuration' or type 'create_wave_config' in the TCL console."
#   }
# }
# run 1000ns
$finish called at time : 70 ns : File "D:/Fall 2018/CS151/CS151-Verilog-Project/modules/SHIFT/SHIFT.srcs/sim_1/new/CS151_SHIFT_tb.v" Line 42
INFO: [USF-XSim-96] XSim completed. Design snapshot 'CS151_SHIFT_tb_behav' loaded.
INFO: [USF-XSim-97] XSim simulation ran for 1000ns
launch_simulation: Time (s): cpu = 00:00:05 ; elapsed = 00:00:13 . Memory (MB): peak = 833.848 ; gain = 10.195
close_sim
INFO: [Simtcl 6-16] Simulation closed
exit
INFO: [Common 17-206] Exiting Vivado at Sun Dec  2 18:11:49 2018...
