Unable to capture context for thread 4656 in process 13336, can not generate back trace
Unable to capture context for thread 6140 in process 13336, can not generate back trace
Unable to capture context for thread 3908 in process 13336, can not generate back trace
Exception at PC 0x00007FFD772ABB93
Printing stacktrace...

[0]  [0x00007FFD772ABB93]
[1]  [0x00007FFD772ABB93]
[2]  [0x00007FFD772AB4A1]
[3]  [0x00007FFD772AB3EF]
[4]  [0x00007FFD772919FE]
[5]  [0x00007FFD77290ED1]
[6]  [0x00007FFD77290D76]
[7]  [0x00007FFD772379F6]
[8]  [0x00007FFD77227AFB]
[9]  [0x00007FFD7734E90A]
[10]  [0x00007FFD77369F87]
[11]  [0x00007FFD7736A05F]
[12] (BaseThreadInitThunk+0x14) [0x00007FFDCC5E3034]
[13] (RtlUserThreadStart+0x21) [0x00007FFDCD2D1471]
Done
Exception at PC 0x00007FFD76FB1A52
Attemped to write at address 0x00007FFD89CAABA4
Printing stacktrace...

[0]  [0x00007FFD76FB1A52]
[1]  [0x00007FFD76FB1A52]
[2]  [0x00007FFD76FB1AD4]
[3]  [0x00007FFD770F3FF7]
[4]  [0x00007FFD76FD9128]
[5]  [0x00007FFD7728DFB9]
[6]  [0x00007FFD7745EF23]
[7]  [0x00007FFD7736B06B]
[8]  [0x00007FFD773608AF]
[9]  [0x00007FFD77360A32]
[10] (RtlActivateActivationContextUnsafeFast+0x123) [0x00007FFDCD294063]
[11] (LdrShutdownProcess+0x125) [0x00007FFDCD2A0A15]
[12] (RtlExitUserProcess+0xd8) [0x00007FFDCD2A08D8]
[13] (FatalExit+0xa) [0x00007FFDCC5EB19A]
[14] (exit+0x75) [0x00007FFDCCC99CE5]
[15] (initterm_e+0x235) [0x00007FFDCCC9A345]
[16]  [0x00000000004014CD]
[17]  [0x000000000040151B]
[18] (BaseThreadInitThunk+0x14) [0x00007FFDCC5E3034]
[19] (RtlUserThreadStart+0x21) [0x00007FFDCD2D1471]
Done
