#-----------------------------------------------------------
# Vivado v2018.2 (64-bit)
# SW Build 2258646 on Thu Jun 14 20:03:12 MDT 2018
# IP Build 2256618 on Thu Jun 14 22:10:49 MDT 2018
# Start of session at: Sun Dec  2 01:28:22 2018
# Process ID: 15180
# Current directory: D:/Fall 2018/CS151/CS151-Verilog-Project/modules/CS151-processor
# Command line: vivado.exe -gui_launcher_event rodinguilauncherevent3348 D:\Fall 2018\CS151\CS151-Verilog-Project\modules\CS151-processor\CS151-processor.xpr
# Log file: D:/Fall 2018/CS151/CS151-Verilog-Project/modules/CS151-processor/vivado.log
# Journal file: D:/Fall 2018/CS151/CS151-Verilog-Project/modules/CS151-processor\vivado.jou
#-----------------------------------------------------------
start_gui
open_project {D:/Fall 2018/CS151/CS151-Verilog-Project/modules/CS151-processor/CS151-processor.xpr}
INFO: [Project 1-313] Project file moved from 'D:/Fall 2018/CS151/CS151-Verilog-Project/CS151-processor' since last save.
Scanning sources...
Finished scanning sources
INFO: [IP_Flow 19-234] Refreshing IP repositories
INFO: [IP_Flow 19-1704] No user IP repositories specified
INFO: [IP_Flow 19-2313] Loaded Vivado IP repository 'C:/Xilinx/Vivado/2018.2/data/ip'.
update_compile_order -fileset sources_1
set_property top Controller_tb [get_filesets sim_1]
set_property top_lib xil_defaultlib [get_filesets sim_1]
update_compile_order -fileset sim_1
launch_simulation
INFO: [Vivado 12-5682] Launching behavioral simulation in 'D:/Fall 2018/CS151/CS151-Verilog-Project/modules/CS151-processor/CS151-processor.sim/sim_1/behav/xsim'
INFO: [SIM-utils-51] Simulation object is 'sim_1'
INFO: [SIM-utils-54] Inspecting design source files for 'Controller_tb' in fileset 'sim_1'...
INFO: [USF-XSim-97] Finding global include files...
INFO: [USF-XSim-98] Fetching design files from 'sim_1'...
INFO: [USF-XSim-2] XSim::Compile design
INFO: [USF-XSim-61] Executing 'COMPILE and ANALYZE' step in 'D:/Fall 2018/CS151/CS151-Verilog-Project/modules/CS151-processor/CS151-processor.sim/sim_1/behav/xsim'
"xvlog --incr --relax -prj Controller_tb_vlog.prj"
INFO: [VRFC 10-2263] Analyzing Verilog file "D:/Fall 2018/CS151/CS151-Verilog-Project/modules/CS151-processor/CS151-processor.srcs/sources_1/new/Controller.v" into library xil_defaultlib
INFO: [VRFC 10-311] analyzing module Controller
INFO: [VRFC 10-2263] Analyzing Verilog file "D:/Fall 2018/CS151/CS151-Verilog-Project/modules/CS151-processor/CS151-processor.srcs/sim_1/new/Controller_tb.v" into library xil_defaultlib
INFO: [VRFC 10-311] analyzing module Controller_tb
INFO: [VRFC 10-2263] Analyzing Verilog file "D:/Fall 2018/CS151/CS151-Verilog-Project/modules/CS151-processor/CS151-processor.sim/sim_1/behav/xsim/glbl.v" into library xil_defaultlib
INFO: [VRFC 10-311] analyzing module glbl
INFO: [USF-XSim-69] 'compile' step finished in '3' seconds
INFO: [USF-XSim-3] XSim::Elaborate design
INFO: [USF-XSim-61] Executing 'ELABORATE' step in 'D:/Fall 2018/CS151/CS151-Verilog-Project/modules/CS151-processor/CS151-processor.sim/sim_1/behav/xsim'
INFO: [Common 17-41] Interrupt caught. Command should exit soon.
Vivado Simulator 2018.2
Copyright 1986-1999, 2001-2018 Xilinx, Inc. All Rights Reserved.
Running: C:/Xilinx/Vivado/2018.2/bin/unwrapped/win64.o/xelab.exe -wto a75e5fe7589c42b0ac32963ab3467198 --incr --debug typical --relax --mt 2 -L xil_defaultlib -L unisims_ver -L unimacro_ver -L secureip --snapshot Controller_tb_behav xil_defaultlib.Controller_tb xil_defaultlib.glbl -log elaborate.log 
Using 2 slave threads.
Starting static elaboration
Completed static elaboration
Starting simulation data flow analysis
Completed simulation data flow analysis
Time Resolution for simulation is 1ps
Compiling module xil_defaultlib.Controller
Compiling module xil_defaultlib.Controller_tb
Compiling module xil_defaultlib.glbl
Built simulation snapshot Controller_tb_behav
run_program: Time (s): cpu = 00:00:00 ; elapsed = 00:00:06 . Memory (MB): peak = 920.313 ; gain = 0.000
INFO: [Common 17-344] 'run_program' was cancelled
INFO: [Vivado 12-5357] 'elaborate' step aborted
launch_simulation: Time (s): cpu = 00:00:01 ; elapsed = 00:00:10 . Memory (MB): peak = 920.313 ; gain = 0.000
INFO: [Common 17-344] 'launch_simulation' was cancelled
reset_run synth_1
launch_runs synth_1 -jobs 4
[Sun Dec  2 01:29:27 2018] Launched synth_1...
Run output will be captured here: D:/Fall 2018/CS151/CS151-Verilog-Project/modules/CS151-processor/CS151-processor.runs/synth_1/runme.log
reset_run synth_1
launch_runs synth_1 -jobs 4
[Sun Dec  2 01:31:31 2018] Launched synth_1...
Run output will be captured here: D:/Fall 2018/CS151/CS151-Verilog-Project/modules/CS151-processor/CS151-processor.runs/synth_1/runme.log
launch_simulation
INFO: [Vivado 12-5682] Launching behavioral simulation in 'D:/Fall 2018/CS151/CS151-Verilog-Project/modules/CS151-processor/CS151-processor.sim/sim_1/behav/xsim'
INFO: [SIM-utils-51] Simulation object is 'sim_1'
INFO: [SIM-utils-54] Inspecting design source files for 'Controller_tb' in fileset 'sim_1'...
INFO: [USF-XSim-97] Finding global include files...
INFO: [USF-XSim-98] Fetching design files from 'sim_1'...
INFO: [USF-XSim-2] XSim::Compile design
INFO: [USF-XSim-61] Executing 'COMPILE and ANALYZE' step in 'D:/Fall 2018/CS151/CS151-Verilog-Project/modules/CS151-processor/CS151-processor.sim/sim_1/behav/xsim'
"xvlog --incr --relax -prj Controller_tb_vlog.prj"
INFO: [VRFC 10-2263] Analyzing Verilog file "D:/Fall 2018/CS151/CS151-Verilog-Project/modules/CS151-processor/CS151-processor.srcs/sources_1/new/Controller.v" into library xil_defaultlib
INFO: [VRFC 10-311] analyzing module Controller
INFO: [VRFC 10-2263] Analyzing Verilog file "D:/Fall 2018/CS151/CS151-Verilog-Project/modules/CS151-processor/CS151-processor.srcs/sim_1/new/Controller_tb.v" into library xil_defaultlib
INFO: [VRFC 10-311] analyzing module Controller_tb
INFO: [USF-XSim-69] 'compile' step finished in '4' seconds
INFO: [USF-XSim-3] XSim::Elaborate design
INFO: [USF-XSim-61] Executing 'ELABORATE' step in 'D:/Fall 2018/CS151/CS151-Verilog-Project/modules/CS151-processor/CS151-processor.sim/sim_1/behav/xsim'
Vivado Simulator 2018.2
Copyright 1986-1999, 2001-2018 Xilinx, Inc. All Rights Reserved.
Running: C:/Xilinx/Vivado/2018.2/bin/unwrapped/win64.o/xelab.exe -wto a75e5fe7589c42b0ac32963ab3467198 --incr --debug typical --relax --mt 2 -L xil_defaultlib -L unisims_ver -L unimacro_ver -L secureip --snapshot Controller_tb_behav xil_defaultlib.Controller_tb xil_defaultlib.glbl -log elaborate.log 
Using 2 slave threads.
Starting static elaboration
WARNING: [VRFC 10-278] actual bit length 1 differs from formal bit length 4 for port ALUopsel [D:/Fall 2018/CS151/CS151-Verilog-Project/modules/CS151-processor/CS151-processor.srcs/sim_1/new/Controller_tb.v:33]
Completed static elaboration
Starting simulation data flow analysis
Completed simulation data flow analysis
Time Resolution for simulation is 1ps
Compiling module xil_defaultlib.Controller
Compiling module xil_defaultlib.Controller_tb
Compiling module xil_defaultlib.glbl
Built simulation snapshot Controller_tb_behav
run_program: Time (s): cpu = 00:00:00 ; elapsed = 00:00:05 . Memory (MB): peak = 955.934 ; gain = 0.000
INFO: [USF-XSim-69] 'elaborate' step finished in '5' seconds
INFO: [USF-XSim-4] XSim::Simulate design
INFO: [USF-XSim-61] Executing 'SIMULATE' step in 'D:/Fall 2018/CS151/CS151-Verilog-Project/modules/CS151-processor/CS151-processor.sim/sim_1/behav/xsim'
INFO: [USF-XSim-98] *** Running xsim
   with args "Controller_tb_behav -key {Behavioral:sim_1:Functional:Controller_tb} -tclbatch {Controller_tb.tcl} -log {simulate.log}"
INFO: [USF-XSim-8] Loading simulator feature
Vivado Simulator 2018.2
Time resolution is 1 ps
source Controller_tb.tcl
# set curr_wave [current_wave_config]
# if { [string length $curr_wave] == 0 } {
#   if { [llength [get_objects]] > 0} {
#     add_wave /
#     set_property needs_save false [current_wave_config]
#   } else {
#      send_msg_id Add_Wave-1 WARNING "No top level signals found. Simulator will start without a wave window. If you want to open a wave window go to 'File->New Waveform Configuration' or type 'create_wave_config' in the TCL console."
#   }
# }
# run 1000ns
$finish called at time : 60 ns : File "D:/Fall 2018/CS151/CS151-Verilog-Project/modules/CS151-processor/CS151-processor.srcs/sim_1/new/Controller_tb.v" Line 38
INFO: [USF-XSim-96] XSim completed. Design snapshot 'Controller_tb_behav' loaded.
INFO: [USF-XSim-97] XSim simulation ran for 1000ns
launch_simulation: Time (s): cpu = 00:00:05 ; elapsed = 00:00:14 . Memory (MB): peak = 955.934 ; gain = 0.000
reset_run synth_1
launch_runs synth_1 -jobs 4
[Sun Dec  2 01:32:29 2018] Launched synth_1...
Run output will be captured here: D:/Fall 2018/CS151/CS151-Verilog-Project/modules/CS151-processor/CS151-processor.runs/synth_1/runme.log
reset_run synth_1
launch_runs synth_1 -jobs 4
[Sun Dec  2 01:32:44 2018] Launched synth_1...
Run output will be captured here: D:/Fall 2018/CS151/CS151-Verilog-Project/modules/CS151-processor/CS151-processor.runs/synth_1/runme.log
close_sim
INFO: [Simtcl 6-16] Simulation closed
launch_simulation
INFO: [Vivado 12-5682] Launching behavioral simulation in 'D:/Fall 2018/CS151/CS151-Verilog-Project/modules/CS151-processor/CS151-processor.sim/sim_1/behav/xsim'
INFO: [SIM-utils-51] Simulation object is 'sim_1'
INFO: [SIM-utils-54] Inspecting design source files for 'Controller_tb' in fileset 'sim_1'...
INFO: [USF-XSim-97] Finding global include files...
INFO: [USF-XSim-98] Fetching design files from 'sim_1'...
INFO: [USF-XSim-2] XSim::Compile design
INFO: [USF-XSim-61] Executing 'COMPILE and ANALYZE' step in 'D:/Fall 2018/CS151/CS151-Verilog-Project/modules/CS151-processor/CS151-processor.sim/sim_1/behav/xsim'
"xvlog --incr --relax -prj Controller_tb_vlog.prj"
INFO: [VRFC 10-2263] Analyzing Verilog file "D:/Fall 2018/CS151/CS151-Verilog-Project/modules/CS151-processor/CS151-processor.srcs/sources_1/new/Controller.v" into library xil_defaultlib
INFO: [VRFC 10-311] analyzing module Controller
INFO: [VRFC 10-2263] Analyzing Verilog file "D:/Fall 2018/CS151/CS151-Verilog-Project/modules/CS151-processor/CS151-processor.srcs/sim_1/new/Controller_tb.v" into library xil_defaultlib
INFO: [VRFC 10-311] analyzing module Controller_tb
INFO: [USF-XSim-69] 'compile' step finished in '4' seconds
INFO: [USF-XSim-3] XSim::Elaborate design
INFO: [USF-XSim-61] Executing 'ELABORATE' step in 'D:/Fall 2018/CS151/CS151-Verilog-Project/modules/CS151-processor/CS151-processor.sim/sim_1/behav/xsim'
Vivado Simulator 2018.2
Copyright 1986-1999, 2001-2018 Xilinx, Inc. All Rights Reserved.
Running: C:/Xilinx/Vivado/2018.2/bin/unwrapped/win64.o/xelab.exe -wto a75e5fe7589c42b0ac32963ab3467198 --incr --debug typical --relax --mt 2 -L xil_defaultlib -L unisims_ver -L unimacro_ver -L secureip --snapshot Controller_tb_behav xil_defaultlib.Controller_tb xil_defaultlib.glbl -log elaborate.log 
Using 2 slave threads.
Starting static elaboration
WARNING: [VRFC 10-278] actual bit length 1 differs from formal bit length 4 for port ALUopsel [D:/Fall 2018/CS151/CS151-Verilog-Project/modules/CS151-processor/CS151-processor.srcs/sim_1/new/Controller_tb.v:33]
Completed static elaboration
Starting simulation data flow analysis
Completed simulation data flow analysis
Time Resolution for simulation is 1ps
Compiling module xil_defaultlib.Controller
Compiling module xil_defaultlib.Controller_tb
Compiling module xil_defaultlib.glbl
Built simulation snapshot Controller_tb_behav
run_program: Time (s): cpu = 00:00:00 ; elapsed = 00:00:05 . Memory (MB): peak = 957.230 ; gain = 0.000
INFO: [USF-XSim-69] 'elaborate' step finished in '5' seconds
INFO: [USF-XSim-4] XSim::Simulate design
INFO: [USF-XSim-61] Executing 'SIMULATE' step in 'D:/Fall 2018/CS151/CS151-Verilog-Project/modules/CS151-processor/CS151-processor.sim/sim_1/behav/xsim'
INFO: [USF-XSim-98] *** Running xsim
   with args "Controller_tb_behav -key {Behavioral:sim_1:Functional:Controller_tb} -tclbatch {Controller_tb.tcl} -log {simulate.log}"
INFO: [USF-XSim-8] Loading simulator feature
Vivado Simulator 2018.2
Time resolution is 1 ps
source Controller_tb.tcl
# set curr_wave [current_wave_config]
# if { [string length $curr_wave] == 0 } {
#   if { [llength [get_objects]] > 0} {
#     add_wave /
#     set_property needs_save false [current_wave_config]
#   } else {
#      send_msg_id Add_Wave-1 WARNING "No top level signals found. Simulator will start without a wave window. If you want to open a wave window go to 'File->New Waveform Configuration' or type 'create_wave_config' in the TCL console."
#   }
# }
# run 1000ns
$finish called at time : 60 ns : File "D:/Fall 2018/CS151/CS151-Verilog-Project/modules/CS151-processor/CS151-processor.srcs/sim_1/new/Controller_tb.v" Line 38
INFO: [USF-XSim-96] XSim completed. Design snapshot 'Controller_tb_behav' loaded.
INFO: [USF-XSim-97] XSim simulation ran for 1000ns
launch_simulation: Time (s): cpu = 00:00:01 ; elapsed = 00:00:13 . Memory (MB): peak = 957.230 ; gain = 0.000
reset_run synth_1
launch_runs synth_1 -jobs 4
[Sun Dec  2 01:34:12 2018] Launched synth_1...
Run output will be captured here: D:/Fall 2018/CS151/CS151-Verilog-Project/modules/CS151-processor/CS151-processor.runs/synth_1/runme.log
reset_run synth_1
launch_runs synth_1 -jobs 4
[Sun Dec  2 01:34:49 2018] Launched synth_1...
Run output will be captured here: D:/Fall 2018/CS151/CS151-Verilog-Project/modules/CS151-processor/CS151-processor.runs/synth_1/runme.log
close_sim
INFO: [Simtcl 6-16] Simulation closed
launch_simulation
INFO: [Vivado 12-5682] Launching behavioral simulation in 'D:/Fall 2018/CS151/CS151-Verilog-Project/modules/CS151-processor/CS151-processor.sim/sim_1/behav/xsim'
INFO: [SIM-utils-51] Simulation object is 'sim_1'
INFO: [SIM-utils-54] Inspecting design source files for 'Controller_tb' in fileset 'sim_1'...
INFO: [USF-XSim-97] Finding global include files...
INFO: [USF-XSim-98] Fetching design files from 'sim_1'...
INFO: [USF-XSim-2] XSim::Compile design
INFO: [USF-XSim-61] Executing 'COMPILE and ANALYZE' step in 'D:/Fall 2018/CS151/CS151-Verilog-Project/modules/CS151-processor/CS151-processor.sim/sim_1/behav/xsim'
"xvlog --incr --relax -prj Controller_tb_vlog.prj"
INFO: [VRFC 10-2263] Analyzing Verilog file "D:/Fall 2018/CS151/CS151-Verilog-Project/modules/CS151-processor/CS151-processor.srcs/sources_1/new/Controller.v" into library xil_defaultlib
INFO: [VRFC 10-311] analyzing module Controller
INFO: [VRFC 10-2263] Analyzing Verilog file "D:/Fall 2018/CS151/CS151-Verilog-Project/modules/CS151-processor/CS151-processor.srcs/sim_1/new/Controller_tb.v" into library xil_defaultlib
INFO: [VRFC 10-311] analyzing module Controller_tb
INFO: [USF-XSim-69] 'compile' step finished in '4' seconds
INFO: [USF-XSim-3] XSim::Elaborate design
INFO: [USF-XSim-61] Executing 'ELABORATE' step in 'D:/Fall 2018/CS151/CS151-Verilog-Project/modules/CS151-processor/CS151-processor.sim/sim_1/behav/xsim'
Vivado Simulator 2018.2
Copyright 1986-1999, 2001-2018 Xilinx, Inc. All Rights Reserved.
Running: C:/Xilinx/Vivado/2018.2/bin/unwrapped/win64.o/xelab.exe -wto a75e5fe7589c42b0ac32963ab3467198 --incr --debug typical --relax --mt 2 -L xil_defaultlib -L unisims_ver -L unimacro_ver -L secureip --snapshot Controller_tb_behav xil_defaultlib.Controller_tb xil_defaultlib.glbl -log elaborate.log 
Using 2 slave threads.
Starting static elaboration
WARNING: [VRFC 10-278] actual bit length 1 differs from formal bit length 4 for port ALUopsel [D:/Fall 2018/CS151/CS151-Verilog-Project/modules/CS151-processor/CS151-processor.srcs/sim_1/new/Controller_tb.v:33]
Completed static elaboration
Starting simulation data flow analysis
Completed simulation data flow analysis
Time Resolution for simulation is 1ps
Compiling module xil_defaultlib.Controller
Compiling module xil_defaultlib.Controller_tb
Compiling module xil_defaultlib.glbl
Built simulation snapshot Controller_tb_behav
INFO: [USF-XSim-69] 'elaborate' step finished in '5' seconds
INFO: [USF-XSim-4] XSim::Simulate design
INFO: [USF-XSim-61] Executing 'SIMULATE' step in 'D:/Fall 2018/CS151/CS151-Verilog-Project/modules/CS151-processor/CS151-processor.sim/sim_1/behav/xsim'
INFO: [USF-XSim-98] *** Running xsim
   with args "Controller_tb_behav -key {Behavioral:sim_1:Functional:Controller_tb} -tclbatch {Controller_tb.tcl} -log {simulate.log}"
INFO: [USF-XSim-8] Loading simulator feature
Vivado Simulator 2018.2
Time resolution is 1 ps
source Controller_tb.tcl
# set curr_wave [current_wave_config]
# if { [string length $curr_wave] == 0 } {
#   if { [llength [get_objects]] > 0} {
#     add_wave /
#     set_property needs_save false [current_wave_config]
#   } else {
#      send_msg_id Add_Wave-1 WARNING "No top level signals found. Simulator will start without a wave window. If you want to open a wave window go to 'File->New Waveform Configuration' or type 'create_wave_config' in the TCL console."
#   }
# }
# run 1000ns
$finish called at time : 60 ns : File "D:/Fall 2018/CS151/CS151-Verilog-Project/modules/CS151-processor/CS151-processor.srcs/sim_1/new/Controller_tb.v" Line 38
INFO: [USF-XSim-96] XSim completed. Design snapshot 'Controller_tb_behav' loaded.
INFO: [USF-XSim-97] XSim simulation ran for 1000ns
launch_simulation: Time (s): cpu = 00:00:03 ; elapsed = 00:00:13 . Memory (MB): peak = 962.945 ; gain = 0.000
close_sim
INFO: [Simtcl 6-16] Simulation closed
launch_simulation
INFO: [Vivado 12-5682] Launching behavioral simulation in 'D:/Fall 2018/CS151/CS151-Verilog-Project/modules/CS151-processor/CS151-processor.sim/sim_1/behav/xsim'
INFO: [SIM-utils-51] Simulation object is 'sim_1'
INFO: [SIM-utils-54] Inspecting design source files for 'Controller_tb' in fileset 'sim_1'...
INFO: [USF-XSim-97] Finding global include files...
INFO: [USF-XSim-98] Fetching design files from 'sim_1'...
INFO: [USF-XSim-2] XSim::Compile design
INFO: [USF-XSim-61] Executing 'COMPILE and ANALYZE' step in 'D:/Fall 2018/CS151/CS151-Verilog-Project/modules/CS151-processor/CS151-processor.sim/sim_1/behav/xsim'
"xvlog --incr --relax -prj Controller_tb_vlog.prj"
INFO: [VRFC 10-2263] Analyzing Verilog file "D:/Fall 2018/CS151/CS151-Verilog-Project/modules/CS151-processor/CS151-processor.srcs/sources_1/new/Controller.v" into library xil_defaultlib
INFO: [VRFC 10-311] analyzing module Controller
INFO: [VRFC 10-2263] Analyzing Verilog file "D:/Fall 2018/CS151/CS151-Verilog-Project/modules/CS151-processor/CS151-processor.srcs/sim_1/new/Controller_tb.v" into library xil_defaultlib
INFO: [VRFC 10-311] analyzing module Controller_tb
INFO: [USF-XSim-69] 'compile' step finished in '3' seconds
INFO: [USF-XSim-3] XSim::Elaborate design
INFO: [USF-XSim-61] Executing 'ELABORATE' step in 'D:/Fall 2018/CS151/CS151-Verilog-Project/modules/CS151-processor/CS151-processor.sim/sim_1/behav/xsim'
Vivado Simulator 2018.2
Copyright 1986-1999, 2001-2018 Xilinx, Inc. All Rights Reserved.
Running: C:/Xilinx/Vivado/2018.2/bin/unwrapped/win64.o/xelab.exe -wto a75e5fe7589c42b0ac32963ab3467198 --incr --debug typical --relax --mt 2 -L xil_defaultlib -L unisims_ver -L unimacro_ver -L secureip --snapshot Controller_tb_behav xil_defaultlib.Controller_tb xil_defaultlib.glbl -log elaborate.log 
Using 2 slave threads.
Starting static elaboration
Completed static elaboration
Starting simulation data flow analysis
Completed simulation data flow analysis
Time Resolution for simulation is 1ps
Compiling module xil_defaultlib.Controller
Compiling module xil_defaultlib.Controller_tb
Compiling module xil_defaultlib.glbl
Built simulation snapshot Controller_tb_behav
INFO: [USF-XSim-69] 'elaborate' step finished in '5' seconds
INFO: [USF-XSim-4] XSim::Simulate design
INFO: [USF-XSim-61] Executing 'SIMULATE' step in 'D:/Fall 2018/CS151/CS151-Verilog-Project/modules/CS151-processor/CS151-processor.sim/sim_1/behav/xsim'
INFO: [USF-XSim-98] *** Running xsim
   with args "Controller_tb_behav -key {Behavioral:sim_1:Functional:Controller_tb} -tclbatch {Controller_tb.tcl} -log {simulate.log}"
INFO: [USF-XSim-8] Loading simulator feature
Vivado Simulator 2018.2
Time resolution is 1 ps
source Controller_tb.tcl
# set curr_wave [current_wave_config]
# if { [string length $curr_wave] == 0 } {
#   if { [llength [get_objects]] > 0} {
#     add_wave /
#     set_property needs_save false [current_wave_config]
#   } else {
#      send_msg_id Add_Wave-1 WARNING "No top level signals found. Simulator will start without a wave window. If you want to open a wave window go to 'File->New Waveform Configuration' or type 'create_wave_config' in the TCL console."
#   }
# }
# run 1000ns
$finish called at time : 60 ns : File "D:/Fall 2018/CS151/CS151-Verilog-Project/modules/CS151-processor/CS151-processor.srcs/sim_1/new/Controller_tb.v" Line 38
INFO: [USF-XSim-96] XSim completed. Design snapshot 'Controller_tb_behav' loaded.
INFO: [USF-XSim-97] XSim simulation ran for 1000ns
launch_simulation: Time (s): cpu = 00:00:02 ; elapsed = 00:00:11 . Memory (MB): peak = 964.492 ; gain = 0.000
reset_run synth_1
WARNING: [Vivado 12-1017] Problems encountered:
1. Failed to delete one or more files in run directory D:/Fall 2018/CS151/CS151-Verilog-Project/modules/CS151-processor/CS151-processor.runs/synth_1

launch_runs synth_1 -jobs 4
[Sun Dec  2 01:37:07 2018] Launched synth_1...
Run output will be captured here: D:/Fall 2018/CS151/CS151-Verilog-Project/modules/CS151-processor/CS151-processor.runs/synth_1/runme.log
close_sim
INFO: [Simtcl 6-16] Simulation closed
launch_simulation
INFO: [Vivado 12-5682] Launching behavioral simulation in 'D:/Fall 2018/CS151/CS151-Verilog-Project/modules/CS151-processor/CS151-processor.sim/sim_1/behav/xsim'
INFO: [SIM-utils-51] Simulation object is 'sim_1'
INFO: [SIM-utils-54] Inspecting design source files for 'Controller_tb' in fileset 'sim_1'...
INFO: [USF-XSim-97] Finding global include files...
INFO: [USF-XSim-98] Fetching design files from 'sim_1'...
INFO: [USF-XSim-2] XSim::Compile design
INFO: [USF-XSim-61] Executing 'COMPILE and ANALYZE' step in 'D:/Fall 2018/CS151/CS151-Verilog-Project/modules/CS151-processor/CS151-processor.sim/sim_1/behav/xsim'
"xvlog --incr --relax -prj Controller_tb_vlog.prj"
INFO: [VRFC 10-2263] Analyzing Verilog file "D:/Fall 2018/CS151/CS151-Verilog-Project/modules/CS151-processor/CS151-processor.srcs/sources_1/new/Controller.v" into library xil_defaultlib
INFO: [VRFC 10-311] analyzing module Controller
INFO: [VRFC 10-2263] Analyzing Verilog file "D:/Fall 2018/CS151/CS151-Verilog-Project/modules/CS151-processor/CS151-processor.srcs/sim_1/new/Controller_tb.v" into library xil_defaultlib
INFO: [VRFC 10-311] analyzing module Controller_tb
INFO: [USF-XSim-69] 'compile' step finished in '4' seconds
INFO: [USF-XSim-3] XSim::Elaborate design
INFO: [USF-XSim-61] Executing 'ELABORATE' step in 'D:/Fall 2018/CS151/CS151-Verilog-Project/modules/CS151-processor/CS151-processor.sim/sim_1/behav/xsim'
Vivado Simulator 2018.2
Copyright 1986-1999, 2001-2018 Xilinx, Inc. All Rights Reserved.
Running: C:/Xilinx/Vivado/2018.2/bin/unwrapped/win64.o/xelab.exe -wto a75e5fe7589c42b0ac32963ab3467198 --incr --debug typical --relax --mt 2 -L xil_defaultlib -L unisims_ver -L unimacro_ver -L secureip --snapshot Controller_tb_behav xil_defaultlib.Controller_tb xil_defaultlib.glbl -log elaborate.log 
Using 2 slave threads.
Starting static elaboration
Completed static elaboration
Starting simulation data flow analysis
Completed simulation data flow analysis
Time Resolution for simulation is 1ps
Compiling module xil_defaultlib.Controller
Compiling module xil_defaultlib.Controller_tb
Compiling module xil_defaultlib.glbl
Built simulation snapshot Controller_tb_behav
INFO: [USF-XSim-69] 'elaborate' step finished in '5' seconds
INFO: [USF-XSim-4] XSim::Simulate design
INFO: [USF-XSim-61] Executing 'SIMULATE' step in 'D:/Fall 2018/CS151/CS151-Verilog-Project/modules/CS151-processor/CS151-processor.sim/sim_1/behav/xsim'
INFO: [USF-XSim-98] *** Running xsim
   with args "Controller_tb_behav -key {Behavioral:sim_1:Functional:Controller_tb} -tclbatch {Controller_tb.tcl} -log {simulate.log}"
INFO: [USF-XSim-8] Loading simulator feature
Vivado Simulator 2018.2
Time resolution is 1 ps
source Controller_tb.tcl
# set curr_wave [current_wave_config]
# if { [string length $curr_wave] == 0 } {
#   if { [llength [get_objects]] > 0} {
#     add_wave /
#     set_property needs_save false [current_wave_config]
#   } else {
#      send_msg_id Add_Wave-1 WARNING "No top level signals found. Simulator will start without a wave window. If you want to open a wave window go to 'File->New Waveform Configuration' or type 'create_wave_config' in the TCL console."
#   }
# }
# run 1000ns
$finish called at time : 60 ns : File "D:/Fall 2018/CS151/CS151-Verilog-Project/modules/CS151-processor/CS151-processor.srcs/sim_1/new/Controller_tb.v" Line 38
INFO: [USF-XSim-96] XSim completed. Design snapshot 'Controller_tb_behav' loaded.
INFO: [USF-XSim-97] XSim simulation ran for 1000ns
launch_simulation: Time (s): cpu = 00:00:01 ; elapsed = 00:00:12 . Memory (MB): peak = 966.938 ; gain = 0.000
close_sim
INFO: [Simtcl 6-16] Simulation closed
exit
INFO: [Common 17-206] Exiting Vivado at Sun Dec  2 01:38:07 2018...
