#-----------------------------------------------------------
# Vivado v2018.2 (64-bit)
# SW Build 2258646 on Thu Jun 14 20:03:12 MDT 2018
# IP Build 2256618 on Thu Jun 14 22:10:49 MDT 2018
# Start of session at: Fri Nov 30 17:47:45 2018
# Process ID: 10720
# Current directory: D:/Fall 2018/CS151/CS151-Verilog-Project/CS151-processor
# Command line: vivado.exe -gui_launcher_event rodinguilauncherevent17104 D:\Fall 2018\CS151\CS151-Verilog-Project\CS151-processor\CS151-processor.xpr
# Log file: D:/Fall 2018/CS151/CS151-Verilog-Project/CS151-processor/vivado.log
# Journal file: D:/Fall 2018/CS151/CS151-Verilog-Project/CS151-processor\vivado.jou
#-----------------------------------------------------------
start_gui
open_project {D:/Fall 2018/CS151/CS151-Verilog-Project/CS151-processor/CS151-processor.xpr}
Scanning sources...
Finished scanning sources
INFO: [IP_Flow 19-234] Refreshing IP repositories
INFO: [IP_Flow 19-1704] No user IP repositories specified
INFO: [IP_Flow 19-2313] Loaded Vivado IP repository 'C:/Xilinx/Vivado/2018.2/data/ip'.
update_compile_order -fileset sources_1
exit
INFO: [Common 17-206] Exiting Vivado at Fri Nov 30 17:48:11 2018...
